Determining if the pthread_create exist failed with the following output:
Change Dir: /home/swarmie/rover_workspace/build_isolated/abridge/CMakeFiles/CMakeTmp

Run Build Command:/usr/bin/make "cmTryCompileExec160762541/fast"
/usr/bin/make -f CMakeFiles/cmTryCompileExec160762541.dir/build.make CMakeFiles/cmTryCompileExec160762541.dir/build
make[1]: Entering directory `/home/swarmie/rover_workspace/build_isolated/abridge/CMakeFiles/CMakeTmp'
/usr/bin/cmake -E cmake_progress_report /home/swarmie/rover_workspace/build_isolated/abridge/CMakeFiles/CMakeTmp/CMakeFiles 1
Building C object CMakeFiles/cmTryCompileExec160762541.dir/CheckSymbolExists.c.o
/usr/bin/cc    -o CMakeFiles/cmTryCompileExec160762541.dir/CheckSymbolExists.c.o   -c /home/swarmie/rover_workspace/build_isolated/abridge/CMakeFiles/CMakeTmp/CheckSymbolExists.c
Linking C executable cmTryCompileExec160762541
/usr/bin/cmake -E cmake_link_script CMakeFiles/cmTryCompileExec160762541.dir/link.txt --verbose=1
/usr/bin/cc       CMakeFiles/cmTryCompileExec160762541.dir/CheckSymbolExists.c.o  -o cmTryCompileExec160762541 -rdynamic 
CMakeFiles/cmTryCompileExec160762541.dir/CheckSymbolExists.c.o: In function `main':
CheckSymbolExists.c:(.text+0x16): undefined reference to `pthread_create'
collect2: error: ld returned 1 exit status
make[1]: *** [cmTryCompileExec160762541] Error 1
make[1]: Leaving directory `/home/swarmie/rover_workspace/build_isolated/abridge/CMakeFiles/CMakeTmp'
make: *** [cmTryCompileExec160762541/fast] Error 2

File /home/swarmie/rover_workspace/build_isolated/abridge/CMakeFiles/CMakeTmp/CheckSymbolExists.c:
/* */
#include <pthread.h>

int main(int argc, char** argv)
{
  (void)argv;
#ifndef pthread_create
  return ((int*)(&pthread_create))[argc];
#else
  (void)argc;
  return 0;
#endif
}

Determining if the function pthread_create exists in the pthreads failed with the following output:
Change Dir: /home/swarmie/rover_workspace/build_isolated/abridge/CMakeFiles/CMakeTmp

Run Build Command:/usr/bin/make "cmTryCompileExec1210120030/fast"
/usr/bin/make -f CMakeFiles/cmTryCompileExec1210120030.dir/build.make CMakeFiles/cmTryCompileExec1210120030.dir/build
make[1]: Entering directory `/home/swarmie/rover_workspace/build_isolated/abridge/CMakeFiles/CMakeTmp'
/usr/bin/cmake -E cmake_progress_report /home/swarmie/rover_workspace/build_isolated/abridge/CMakeFiles/CMakeTmp/CMakeFiles 1
Building C object CMakeFiles/cmTryCompileExec1210120030.dir/CheckFunctionExists.c.o
/usr/bin/cc   -DCHECK_FUNCTION_EXISTS=pthread_create   -o CMakeFiles/cmTryCompileExec1210120030.dir/CheckFunctionExists.c.o   -c /usr/share/cmake-2.8/Modules/CheckFunctionExists.c
Linking C executable cmTryCompileExec1210120030
/usr/bin/cmake -E cmake_link_script CMakeFiles/cmTryCompileExec1210120030.dir/link.txt --verbose=1
/usr/bin/cc   -DCHECK_FUNCTION_EXISTS=pthread_create    CMakeFiles/cmTryCompileExec1210120030.dir/CheckFunctionExists.c.o  -o cmTryCompileExec1210120030 -rdynamic -lpthreads 
/usr/bin/ld: cannot find -lpthreads
collect2: error: ld returned 1 exit status
make[1]: *** [cmTryCompileExec1210120030] Error 1
make[1]: Leaving directory `/home/swarmie/rover_workspace/build_isolated/abridge/CMakeFiles/CMakeTmp'
make: *** [cmTryCompileExec1210120030/fast] Error 2


